[preview.colorlib.com/theme/moose/index.html]
[backblue.gif]
[fade.gif]
[index.html]
[stackpath.bootstrapcdn.com/font-awesome/4.7.0/css/font-awesome.min.css]
[preview.colorlib.com/theme/moose/css/A.animate.css+owl.carousel.min.css+owl.theme.default.min.css+magnific-popup.css+flaticon.css+style.css,Mcc.nz9zzkaoXH.css.pagespeed.cf.HVOMWXzxQA.css]
[preview.colorlib.com/theme/moose/index-2.html]
[preview.colorlib.com/theme/moose/blog.html]
[preview.colorlib.com/theme/moose/about.html]
[preview.colorlib.com/theme/moose/contact.html]
[preview.colorlib.com/theme/moose/images/xperson_1.jpg.pagespeed.ic.P4pHl6glbj.jpg]
[preview.colorlib.com/theme/moose/images/ximage_1.jpg.pagespeed.ic.CMXGCCUdn8.jpg]
[preview.colorlib.com/theme/moose/blog-single.html]
[preview.colorlib.com/theme/moose/images/ximage_2.jpg.pagespeed.ic.NnUd5zBlZ1.jpg]
[preview.colorlib.com/theme/moose/images/xperson_2.jpg.pagespeed.ic.yyrmjBH91b.jpg]
[preview.colorlib.com/theme/moose/images/ximage_3.jpg.pagespeed.ic.1pq2k5jPG_.jpg]
[preview.colorlib.com/theme/moose/images/person_3.jpg]
[preview.colorlib.com/theme/moose/images/ximage_5.jpg.pagespeed.ic.lXddT8kcSP.jpg]
[preview.colorlib.com/theme/moose/images/xperson_4.jpg.pagespeed.ic.sgz97bCjv4.jpg]
[preview.colorlib.com/theme/moose/images/ximage_6.jpg.pagespeed.ic.nDZCPYzIeF.jpg]
[preview.colorlib.com/theme/moose/images/image_7.jpg]
[preview.colorlib.com/theme/moose/images/image_8.jpg]
[preview.colorlib.com/cdn-cgi/scripts/5c5dd728/cloudflare-static/email-decode.min.js]
[preview.colorlib.com/theme/moose/js/jquery.min.js]
[preview.colorlib.com/theme/moose/js/jquery-migrate-3.0.1.min.js+popper.min.js+bootstrap.min.js.pagespeed.jc.U78p8H34ng.js]
[preview.colorlib.com/theme/moose/js/jquery.easing.1.3.js+jquery.waypoints.min.js+jquery.stellar.min.js+owl.carousel.min.js.pagespeed.jc.qD8QtIJ2Xe.js]
[preview.colorlib.com/theme/moose/js/jquery.magnific-popup.min.js+jquery.animateNumber.min.js+scrollax.min.js+google-map.js+main.js.pagespeed.jc.YwE2lpoKin.js]
[preview.colorlib.com/theme/moose/index.html]
[stackpath.bootstrapcdn.com/font-awesome/4.7.0/css/font-awesome.min.css]
[static.cloudflareinsights.com/beacon.min.js]
[preview.colorlib.com/theme/moose/fonts/flaticon/font/Flaticon.eot]
[preview.colorlib.com/theme/moose/fonts/flaticon/font/Flaticond41d.eot]
[preview.colorlib.com/theme/moose/fonts/flaticon/font/Flaticon.woff]
[preview.colorlib.com/theme/moose/fonts/flaticon/font/Flaticon.ttf]
[preview.colorlib.com/theme/moose/css/A.animate.css+owl.carousel.min.css+owl.theme.default.min.css+magnific-popup.css+flaticon.css+style.css,Mcc.nz9zzkaoXH.css.pagespeed.cf.HVOMWXzxQA.css]
[preview.colorlib.com/theme/moose/fonts/flaticon/font/Flaticon.svg]
[preview.colorlib.com/theme/moose/images/ximage_7.jpg.pagespeed.ic.dmu7v0JZAy.jpg]
[preview.colorlib.com/theme/moose/images/ximage_8.jpg.pagespeed.ic.mwHTjd306l.jpg]
[preview.colorlib.com/theme/moose/index-2.html]
[preview.colorlib.com/theme/moose/images/image_4.jpg]
[preview.colorlib.com/theme/moose/images/image_9.jpg]
[preview.colorlib.com/theme/moose/images/image_10.jpg]
[preview.colorlib.com/theme/moose/images/image_11.jpg]
[preview.colorlib.com/theme/moose/images/image_12.jpg]
[preview.colorlib.com/theme/moose/blog.html]
[preview.colorlib.com/theme/moose/about.html]
[preview.colorlib.com/theme/moose/contact.html]
[preview.colorlib.com/theme/moose/blog-single.html]
[preview.colorlib.com/theme/moose/fonts/flaticon/font/Flaticon.svg]
